==============================================================================
Test2                                                                         
==============================================================================
Scenario Outline 01 - Verify translations for Ends on and Models o...   
  Traceback (most recent call last):
    ~~~~~~~~~~~~~~~~~~~~~~~~~~~~~~~~~~~~~~~~~~~~~~~~~~~~~~~~~~~~~~~~~~~~~~~~~~
    File  Z:\robot\API-BRP\tests\test2.robot:9
    T:  Scenario Outline 01 - Verify translations for Ends on and Models on Promotion Page and Promotion Banner    
    ~~~~~~~~~~~~~~~~~~~~~~~~~~~~~~~~~~~~~~~~~~~~~~~~~~~~~~~~~~~~~~~~~~~~~~~~~~
    File  Z:\robot\API-BRP\tests\test2.robot:10
      ${lang}    IN    @{LANGUAGES}    
    ~~~~~~~~~~~~~~~~~~~~~~~~~~~~~~~~~~~~~~~~~~~~~~~~~~~~~~~~~~~~~~~~~~~~~~~~~~
    File  Z:\robot\API-BRP\tests\test2.robot:10
      ${lang} = EN    
    ~~~~~~~~~~~~~~~~~~~~~~~~~~~~~~~~~~~~~~~~~~~~~~~~~~~~~~~~~~~~~~~~~~~~~~~~~~
    File  Z:\robot\API-BRP\tests\test2.robot:11
      Set Variable    ${${lang}}
      |  ${${lang}} = <Unable to define variable value>
______________________________________________________________________________
| FAIL |
Variable '${EN}' not found. Did you mean:
    ${EN_URL}
------------------------------------------------------------------------------
Test2                                                                 | FAIL |
1 test, 0 passed, 1 failed
==============================================================================
Output:  Z:\robot\API-BRP\reports\seadoo\pabot_results\0\output.xml
